Performing C SOURCE FILE Test CMAKE_HAVE_LIBC_PTHREAD failed with the following output:
Change Dir: /home/ghryu/Drives/Env-AI/gaussian-splatting/colmap/build/CMakeFiles/CMakeScratch/TryCompile-xJub4N

Run Build Command(s):/usr/bin/make -f Makefile cmTC_7e0c7/fast && /usr/bin/make  -f CMakeFiles/cmTC_7e0c7.dir/build.make CMakeFiles/cmTC_7e0c7.dir/build
make[1]: Entering directory '/home/ghryu/Drives/Env-AI/gaussian-splatting/colmap/build/CMakeFiles/CMakeScratch/TryCompile-xJub4N'
Building C object CMakeFiles/cmTC_7e0c7.dir/src.c.o
/usr/bin/cc -DCMAKE_HAVE_LIBC_PTHREAD  -fPIE -o CMakeFiles/cmTC_7e0c7.dir/src.c.o -c /home/ghryu/Drives/Env-AI/gaussian-splatting/colmap/build/CMakeFiles/CMakeScratch/TryCompile-xJub4N/src.c
Linking C executable cmTC_7e0c7
/usr/local/bin/cmake -E cmake_link_script CMakeFiles/cmTC_7e0c7.dir/link.txt --verbose=1
/usr/bin/cc CMakeFiles/cmTC_7e0c7.dir/src.c.o -o cmTC_7e0c7 
/usr/bin/ld: CMakeFiles/cmTC_7e0c7.dir/src.c.o: in function `main':
src.c:(.text+0x46): undefined reference to `pthread_create'
/usr/bin/ld: src.c:(.text+0x52): undefined reference to `pthread_detach'
/usr/bin/ld: src.c:(.text+0x5e): undefined reference to `pthread_cancel'
/usr/bin/ld: src.c:(.text+0x6f): undefined reference to `pthread_join'
collect2: error: ld returned 1 exit status
make[1]: *** [CMakeFiles/cmTC_7e0c7.dir/build.make:99: cmTC_7e0c7] Error 1
make[1]: Leaving directory '/home/ghryu/Drives/Env-AI/gaussian-splatting/colmap/build/CMakeFiles/CMakeScratch/TryCompile-xJub4N'
make: *** [Makefile:127: cmTC_7e0c7/fast] Error 2


Source file was:
#include <pthread.h>

static void* test_func(void* data)
{
  return data;
}

int main(void)
{
  pthread_t thread;
  pthread_create(&thread, NULL, test_func, NULL);
  pthread_detach(thread);
  pthread_cancel(thread);
  pthread_join(thread, NULL);
  pthread_atfork(NULL, NULL, NULL);
  pthread_exit(NULL);

  return 0;
}


Determining if the function pthread_create exists in the pthreads failed with the following output:
Change Dir: /home/ghryu/Drives/Env-AI/gaussian-splatting/colmap/build/CMakeFiles/CMakeScratch/TryCompile-py7qRN

Run Build Command(s):/usr/bin/make -f Makefile cmTC_0eaf0/fast && /usr/bin/make  -f CMakeFiles/cmTC_0eaf0.dir/build.make CMakeFiles/cmTC_0eaf0.dir/build
make[1]: Entering directory '/home/ghryu/Drives/Env-AI/gaussian-splatting/colmap/build/CMakeFiles/CMakeScratch/TryCompile-py7qRN'
Building C object CMakeFiles/cmTC_0eaf0.dir/CheckFunctionExists.c.o
/usr/bin/cc   -DCHECK_FUNCTION_EXISTS=pthread_create -fPIE -o CMakeFiles/cmTC_0eaf0.dir/CheckFunctionExists.c.o -c /home/ghryu/Drives/Env-AI/gaussian-splatting/colmap/build/CMakeFiles/CMakeScratch/TryCompile-py7qRN/CheckFunctionExists.c
Linking C executable cmTC_0eaf0
/usr/local/bin/cmake -E cmake_link_script CMakeFiles/cmTC_0eaf0.dir/link.txt --verbose=1
/usr/bin/cc  -DCHECK_FUNCTION_EXISTS=pthread_create CMakeFiles/cmTC_0eaf0.dir/CheckFunctionExists.c.o -o cmTC_0eaf0  -lpthreads 
/usr/bin/ld: cannot find -lpthreads
collect2: error: ld returned 1 exit status
make[1]: *** [CMakeFiles/cmTC_0eaf0.dir/build.make:99: cmTC_0eaf0] Error 1
make[1]: Leaving directory '/home/ghryu/Drives/Env-AI/gaussian-splatting/colmap/build/CMakeFiles/CMakeScratch/TryCompile-py7qRN'
make: *** [Makefile:127: cmTC_0eaf0/fast] Error 2



Determining if the function sgemm_ exists failed with the following output:
Change Dir: /home/ghryu/Drives/Env-AI/gaussian-splatting/colmap/build/CMakeFiles/CMakeScratch/TryCompile-UGAEAQ

Run Build Command(s):/usr/bin/make -f Makefile cmTC_b8007/fast && /usr/bin/make  -f CMakeFiles/cmTC_b8007.dir/build.make CMakeFiles/cmTC_b8007.dir/build
make[1]: Entering directory '/home/ghryu/Drives/Env-AI/gaussian-splatting/colmap/build/CMakeFiles/CMakeScratch/TryCompile-UGAEAQ'
Building C object CMakeFiles/cmTC_b8007.dir/CheckFunctionExists.c.o
/usr/bin/cc   -DCHECK_FUNCTION_EXISTS=sgemm_ -fPIE -o CMakeFiles/cmTC_b8007.dir/CheckFunctionExists.c.o -c /home/ghryu/Drives/Env-AI/gaussian-splatting/colmap/build/CMakeFiles/CMakeScratch/TryCompile-UGAEAQ/CheckFunctionExists.c
Linking C executable cmTC_b8007
/usr/local/bin/cmake -E cmake_link_script CMakeFiles/cmTC_b8007.dir/link.txt --verbose=1
/usr/bin/cc  -DCHECK_FUNCTION_EXISTS=sgemm_ CMakeFiles/cmTC_b8007.dir/CheckFunctionExists.c.o -o cmTC_b8007 
/usr/bin/ld: CMakeFiles/cmTC_b8007.dir/CheckFunctionExists.c.o: in function `main':
CheckFunctionExists.c:(.text+0x14): undefined reference to `sgemm_'
collect2: error: ld returned 1 exit status
make[1]: *** [CMakeFiles/cmTC_b8007.dir/build.make:99: cmTC_b8007] Error 1
make[1]: Leaving directory '/home/ghryu/Drives/Env-AI/gaussian-splatting/colmap/build/CMakeFiles/CMakeScratch/TryCompile-UGAEAQ'
make: *** [Makefile:127: cmTC_b8007/fast] Error 2



